{"/Users/markverbeek/Documents/Werk/winc/hangman_git/playground/messy-hangman-refactor-kata-master/refactor_script.js": {"path":"/Users/markverbeek/Documents/Werk/winc/hangman_git/playground/messy-hangman-refactor-kata-master/refactor_script.js","statementMap":{"0":{"start":{"line":4,"column":17},"end":{"line":12,"column":1}},"1":{"start":{"line":13,"column":16},"end":{"line":13,"column":17}},"2":{"start":{"line":15,"column":19},"end":{"line":19,"column":1}},"3":{"start":{"line":16,"column":14},"end":{"line":16,"column":53}},"4":{"start":{"line":17,"column":12},"end":{"line":17,"column":16}},"5":{"start":{"line":18,"column":2},"end":{"line":18,"column":18}},"6":{"start":{"line":21,"column":20},"end":{"line":27,"column":1}},"7":{"start":{"line":22,"column":2},"end":{"line":26,"column":3}},"8":{"start":{"line":23,"column":4},"end":{"line":23,"column":16}},"9":{"start":{"line":25,"column":4},"end":{"line":25,"column":17}},"10":{"start":{"line":29,"column":32},"end":{"line":36,"column":1}},"11":{"start":{"line":30,"column":2},"end":{"line":35,"column":3}},"12":{"start":{"line":31,"column":4},"end":{"line":31,"column":29}},"13":{"start":{"line":33,"column":4},"end":{"line":33,"column":46}},"14":{"start":{"line":34,"column":4},"end":{"line":34,"column":29}},"15":{"start":{"line":39,"column":20},"end":{"line":48,"column":1}},"16":{"start":{"line":42,"column":18},"end":{"line":45,"column":4}},"17":{"start":{"line":44,"column":4},"end":{"line":44,"column":36}},"18":{"start":{"line":47,"column":2},"end":{"line":47,"column":32}},"19":{"start":{"line":51,"column":19},"end":{"line":54,"column":1}},"20":{"start":{"line":52,"column":2},"end":{"line":52,"column":57}},"21":{"start":{"line":53,"column":2},"end":{"line":53,"column":18}},"22":{"start":{"line":56,"column":14},"end":{"line":60,"column":1}},"23":{"start":{"line":58,"column":2},"end":{"line":58,"column":58}},"24":{"start":{"line":59,"column":2},"end":{"line":59,"column":18}},"25":{"start":{"line":62,"column":16},"end":{"line":70,"column":1}},"26":{"start":{"line":63,"column":21},"end":{"line":66,"column":4}},"27":{"start":{"line":65,"column":4},"end":{"line":65,"column":34}},"28":{"start":{"line":67,"column":2},"end":{"line":67,"column":28}},"29":{"start":{"line":68,"column":2},"end":{"line":68,"column":22}},"30":{"start":{"line":69,"column":2},"end":{"line":69,"column":80}},"31":{"start":{"line":72,"column":16},"end":{"line":81,"column":1}},"32":{"start":{"line":73,"column":16},"end":{"line":79,"column":4}},"33":{"start":{"line":74,"column":4},"end":{"line":78,"column":5}},"34":{"start":{"line":75,"column":6},"end":{"line":75,"column":20}},"35":{"start":{"line":77,"column":6},"end":{"line":77,"column":17}},"36":{"start":{"line":80,"column":2},"end":{"line":80,"column":68}},"37":{"start":{"line":83,"column":20},"end":{"line":105,"column":1}},"38":{"start":{"line":84,"column":2},"end":{"line":86,"column":3}},"39":{"start":{"line":85,"column":4},"end":{"line":85,"column":11}},"40":{"start":{"line":87,"column":17},"end":{"line":87,"column":54}},"41":{"start":{"line":88,"column":2},"end":{"line":88,"column":45}},"42":{"start":{"line":90,"column":2},"end":{"line":92,"column":3}},"43":{"start":{"line":91,"column":4},"end":{"line":91,"column":11}},"44":{"start":{"line":94,"column":2},"end":{"line":97,"column":3}},"45":{"start":{"line":95,"column":4},"end":{"line":95,"column":12}},"46":{"start":{"line":96,"column":4},"end":{"line":96,"column":64}},"47":{"start":{"line":99,"column":2},"end":{"line":99,"column":22}},"48":{"start":{"line":100,"column":2},"end":{"line":100,"column":24}},"49":{"start":{"line":101,"column":2},"end":{"line":101,"column":24}},"50":{"start":{"line":103,"column":2},"end":{"line":103,"column":15}},"51":{"start":{"line":104,"column":2},"end":{"line":104,"column":16}},"52":{"start":{"line":107,"column":20},"end":{"line":114,"column":1}},"53":{"start":{"line":108,"column":2},"end":{"line":113,"column":3}},"54":{"start":{"line":110,"column":4},"end":{"line":110,"column":16}},"55":{"start":{"line":112,"column":4},"end":{"line":112,"column":17}},"56":{"start":{"line":116,"column":19},"end":{"line":123,"column":1}},"57":{"start":{"line":117,"column":2},"end":{"line":122,"column":3}},"58":{"start":{"line":119,"column":4},"end":{"line":119,"column":16}},"59":{"start":{"line":121,"column":4},"end":{"line":121,"column":17}},"60":{"start":{"line":126,"column":13},"end":{"line":126,"column":47}},"61":{"start":{"line":127,"column":2},"end":{"line":127,"column":49}},"62":{"start":{"line":128,"column":2},"end":{"line":128,"column":14}},"63":{"start":{"line":132,"column":2},"end":{"line":132,"column":24}},"64":{"start":{"line":133,"column":2},"end":{"line":133,"column":19}},"65":{"start":{"line":134,"column":2},"end":{"line":134,"column":56}},"66":{"start":{"line":135,"column":2},"end":{"line":135,"column":57}},"67":{"start":{"line":136,"column":2},"end":{"line":136,"column":45}},"68":{"start":{"line":138,"column":2},"end":{"line":138,"column":40}},"69":{"start":{"line":139,"column":2},"end":{"line":139,"column":74}},"70":{"start":{"line":140,"column":2},"end":{"line":140,"column":7}},"71":{"start":{"line":142,"column":2},"end":{"line":142,"column":12}},"72":{"start":{"line":143,"column":2},"end":{"line":143,"column":58}},"73":{"start":{"line":145,"column":2},"end":{"line":145,"column":14}},"74":{"start":{"line":146,"column":2},"end":{"line":146,"column":24}},"75":{"start":{"line":147,"column":2},"end":{"line":147,"column":24}},"76":{"start":{"line":150,"column":0},"end":{"line":156,"column":3}},"77":{"start":{"line":151,"column":2},"end":{"line":151,"column":74}},"78":{"start":{"line":152,"column":2},"end":{"line":154,"column":55}},"79":{"start":{"line":155,"column":2},"end":{"line":155,"column":27}},"80":{"start":{"line":158,"column":0},"end":{"line":167,"column":2}}},"fnMap":{"0":{"name":"(anonymous_0)","decl":{"start":{"line":15,"column":19},"end":{"line":15,"column":20}},"loc":{"start":{"line":15,"column":35},"end":{"line":19,"column":1}},"line":15},"1":{"name":"(anonymous_1)","decl":{"start":{"line":21,"column":20},"end":{"line":21,"column":21}},"loc":{"start":{"line":21,"column":51},"end":{"line":27,"column":1}},"line":21},"2":{"name":"(anonymous_2)","decl":{"start":{"line":29,"column":32},"end":{"line":29,"column":33}},"loc":{"start":{"line":29,"column":74},"end":{"line":36,"column":1}},"line":29},"3":{"name":"(anonymous_3)","decl":{"start":{"line":39,"column":20},"end":{"line":39,"column":21}},"loc":{"start":{"line":39,"column":44},"end":{"line":48,"column":1}},"line":39},"4":{"name":"(anonymous_4)","decl":{"start":{"line":42,"column":30},"end":{"line":42,"column":31}},"loc":{"start":{"line":42,"column":48},"end":{"line":45,"column":3}},"line":42},"5":{"name":"(anonymous_5)","decl":{"start":{"line":51,"column":19},"end":{"line":51,"column":20}},"loc":{"start":{"line":51,"column":31},"end":{"line":54,"column":1}},"line":51},"6":{"name":"(anonymous_6)","decl":{"start":{"line":56,"column":14},"end":{"line":56,"column":15}},"loc":{"start":{"line":56,"column":26},"end":{"line":60,"column":1}},"line":56},"7":{"name":"(anonymous_7)","decl":{"start":{"line":62,"column":16},"end":{"line":62,"column":17}},"loc":{"start":{"line":62,"column":40},"end":{"line":70,"column":1}},"line":62},"8":{"name":"(anonymous_8)","decl":{"start":{"line":63,"column":35},"end":{"line":63,"column":36}},"loc":{"start":{"line":63,"column":53},"end":{"line":66,"column":3}},"line":63},"9":{"name":"(anonymous_9)","decl":{"start":{"line":72,"column":16},"end":{"line":72,"column":17}},"loc":{"start":{"line":72,"column":50},"end":{"line":81,"column":1}},"line":72},"10":{"name":"(anonymous_10)","decl":{"start":{"line":73,"column":25},"end":{"line":73,"column":26}},"loc":{"start":{"line":73,"column":43},"end":{"line":79,"column":3}},"line":73},"11":{"name":"(anonymous_11)","decl":{"start":{"line":83,"column":20},"end":{"line":83,"column":21}},"loc":{"start":{"line":83,"column":32},"end":{"line":105,"column":1}},"line":83},"12":{"name":"(anonymous_12)","decl":{"start":{"line":107,"column":20},"end":{"line":107,"column":21}},"loc":{"start":{"line":107,"column":37},"end":{"line":114,"column":1}},"line":107},"13":{"name":"(anonymous_13)","decl":{"start":{"line":116,"column":19},"end":{"line":116,"column":20}},"loc":{"start":{"line":116,"column":43},"end":{"line":123,"column":1}},"line":116},"14":{"name":"getThePlayer","decl":{"start":{"line":125,"column":9},"end":{"line":125,"column":21}},"loc":{"start":{"line":125,"column":30},"end":{"line":129,"column":1}},"line":125},"15":{"name":"beginTheGameWithPlayer","decl":{"start":{"line":131,"column":9},"end":{"line":131,"column":31}},"loc":{"start":{"line":131,"column":41},"end":{"line":148,"column":1}},"line":131},"16":{"name":"(anonymous_16)","decl":{"start":{"line":150,"column":46},"end":{"line":150,"column":47}},"loc":{"start":{"line":150,"column":58},"end":{"line":156,"column":1}},"line":150}},"branchMap":{"0":{"loc":{"start":{"line":22,"column":2},"end":{"line":26,"column":3}},"type":"if","locations":[{"start":{"line":22,"column":2},"end":{"line":26,"column":3}},{"start":{"line":22,"column":2},"end":{"line":26,"column":3}}],"line":22},"1":{"loc":{"start":{"line":30,"column":2},"end":{"line":35,"column":3}},"type":"if","locations":[{"start":{"line":30,"column":2},"end":{"line":35,"column":3}},{"start":{"line":30,"column":2},"end":{"line":35,"column":3}}],"line":30},"2":{"loc":{"start":{"line":74,"column":4},"end":{"line":78,"column":5}},"type":"if","locations":[{"start":{"line":74,"column":4},"end":{"line":78,"column":5}},{"start":{"line":74,"column":4},"end":{"line":78,"column":5}}],"line":74},"3":{"loc":{"start":{"line":84,"column":2},"end":{"line":86,"column":3}},"type":"if","locations":[{"start":{"line":84,"column":2},"end":{"line":86,"column":3}},{"start":{"line":84,"column":2},"end":{"line":86,"column":3}}],"line":84},"4":{"loc":{"start":{"line":90,"column":2},"end":{"line":92,"column":3}},"type":"if","locations":[{"start":{"line":90,"column":2},"end":{"line":92,"column":3}},{"start":{"line":90,"column":2},"end":{"line":92,"column":3}}],"line":90},"5":{"loc":{"start":{"line":90,"column":6},"end":{"line":90,"column":46}},"type":"binary-expr","locations":[{"start":{"line":90,"column":6},"end":{"line":90,"column":29}},{"start":{"line":90,"column":33},"end":{"line":90,"column":46}}],"line":90},"6":{"loc":{"start":{"line":94,"column":2},"end":{"line":97,"column":3}},"type":"if","locations":[{"start":{"line":94,"column":2},"end":{"line":97,"column":3}},{"start":{"line":94,"column":2},"end":{"line":97,"column":3}}],"line":94},"7":{"loc":{"start":{"line":108,"column":2},"end":{"line":113,"column":3}},"type":"if","locations":[{"start":{"line":108,"column":2},"end":{"line":113,"column":3}},{"start":{"line":108,"column":2},"end":{"line":113,"column":3}}],"line":108},"8":{"loc":{"start":{"line":117,"column":2},"end":{"line":122,"column":3}},"type":"if","locations":[{"start":{"line":117,"column":2},"end":{"line":122,"column":3}},{"start":{"line":117,"column":2},"end":{"line":122,"column":3}}],"line":117}},"s":{"0":1,"1":1,"2":1,"3":3,"4":3,"5":3,"6":1,"7":2,"8":1,"9":1,"10":1,"11":2,"12":1,"13":1,"14":1,"15":1,"16":2,"17":10,"18":2,"19":1,"20":0,"21":0,"22":1,"23":0,"24":0,"25":1,"26":2,"27":6,"28":2,"29":2,"30":0,"31":1,"32":0,"33":0,"34":0,"35":0,"36":0,"37":1,"38":0,"39":0,"40":0,"41":0,"42":0,"43":0,"44":0,"45":0,"46":0,"47":0,"48":0,"49":0,"50":0,"51":0,"52":1,"53":2,"54":1,"55":1,"56":1,"57":2,"58":1,"59":1,"60":0,"61":0,"62":0,"63":0,"64":0,"65":0,"66":0,"67":0,"68":0,"69":0,"70":0,"71":0,"72":0,"73":0,"74":0,"75":0,"76":1,"77":0,"78":0,"79":0,"80":1},"f":{"0":3,"1":2,"2":2,"3":2,"4":10,"5":0,"6":0,"7":2,"8":6,"9":0,"10":0,"11":0,"12":2,"13":2,"14":0,"15":0,"16":0},"b":{"0":[1,1],"1":[1,1],"2":[0,0],"3":[0,0],"4":[0,0],"5":[0,0],"6":[0,0],"7":[1,1],"8":[1,1]},"_coverageSchema":"1a1c01bbd47fc00a2c39e90264f33305004495a9","hash":"3a68844d2ac571e38d2725c9d0f1e940c8f72cf2"}
}
