TN:
SF:refactor_script.js
FN:15,(anonymous_0)
FN:21,(anonymous_1)
FN:29,(anonymous_2)
FN:39,(anonymous_3)
FN:42,(anonymous_4)
FN:51,(anonymous_5)
FN:56,(anonymous_6)
FN:62,(anonymous_7)
FN:63,(anonymous_8)
FN:72,(anonymous_9)
FN:73,(anonymous_10)
FN:83,(anonymous_11)
FN:107,(anonymous_12)
FN:116,(anonymous_13)
FN:125,getThePlayer
FN:131,beginTheGameWithPlayer
FN:150,(anonymous_16)
FNF:17
FNH:9
FNDA:3,(anonymous_0)
FNDA:2,(anonymous_1)
FNDA:2,(anonymous_2)
FNDA:2,(anonymous_3)
FNDA:10,(anonymous_4)
FNDA:0,(anonymous_5)
FNDA:0,(anonymous_6)
FNDA:2,(anonymous_7)
FNDA:6,(anonymous_8)
FNDA:0,(anonymous_9)
FNDA:0,(anonymous_10)
FNDA:0,(anonymous_11)
FNDA:2,(anonymous_12)
FNDA:2,(anonymous_13)
FNDA:0,getThePlayer
FNDA:0,beginTheGameWithPlayer
FNDA:0,(anonymous_16)
DA:4,1
DA:13,1
DA:15,1
DA:16,3
DA:17,3
DA:18,3
DA:21,1
DA:22,2
DA:23,1
DA:25,1
DA:29,1
DA:30,2
DA:31,1
DA:33,1
DA:34,1
DA:39,1
DA:42,2
DA:44,10
DA:47,2
DA:51,1
DA:52,0
DA:53,0
DA:56,1
DA:58,0
DA:59,0
DA:62,1
DA:63,2
DA:65,6
DA:67,2
DA:68,2
DA:69,0
DA:72,1
DA:73,0
DA:74,0
DA:75,0
DA:77,0
DA:80,0
DA:83,1
DA:84,0
DA:85,0
DA:87,0
DA:88,0
DA:90,0
DA:91,0
DA:94,0
DA:95,0
DA:96,0
DA:99,0
DA:100,0
DA:101,0
DA:103,0
DA:104,0
DA:107,1
DA:108,2
DA:110,1
DA:112,1
DA:116,1
DA:117,2
DA:119,1
DA:121,1
DA:126,0
DA:127,0
DA:128,0
DA:132,0
DA:133,0
DA:134,0
DA:135,0
DA:136,0
DA:138,0
DA:139,0
DA:140,0
DA:142,0
DA:143,0
DA:145,0
DA:146,0
DA:147,0
DA:150,1
DA:151,0
DA:152,0
DA:155,0
DA:158,1
LF:81
LH:38
BRDA:22,0,0,1
BRDA:22,0,1,1
BRDA:30,1,0,1
BRDA:30,1,1,1
BRDA:74,2,0,0
BRDA:74,2,1,0
BRDA:84,3,0,0
BRDA:84,3,1,0
BRDA:90,4,0,0
BRDA:90,4,1,0
BRDA:90,5,0,0
BRDA:90,5,1,0
BRDA:94,6,0,0
BRDA:94,6,1,0
BRDA:108,7,0,1
BRDA:108,7,1,1
BRDA:117,8,0,1
BRDA:117,8,1,1
BRF:18
BRH:8
end_of_record
